IMLib/build/outputs/logs/manifest-merger-debug-report.txt
-- Merging decision tree log ---
manifest
ADDED from IMDemo/IMLib/AndroidManifest.xml:1:1-98:12
INJECTED from IMDemo/IMLib/AndroidManifest.xml:1:1-98:12
INJECTED from IMDemo/IMLib/AndroidManifest.xml:1:1-98:12
INJECTED from IMDemo/IMLib/AndroidManifest.xml:1:1-98:12
INJECTED from IMDemo/IMLib/AndroidManifest.xml:1:1-98:12
INJECTED from IMDemo/IMLib/AndroidManifest.xml:1:1-98:12
INJECTED from IMDemo/IMLib/AndroidManifest.xml:1:1-98:12
	package
		ADDED from IMDemo/IMLib/AndroidManifest.xml:2:5-28
		INJECTED from IMDemo/IMLib/AndroidManifest.xml
		INJECTED from IMDemo/IMLib/AndroidManifest.xml
	android:versionName
		INJECTED from IMDemo/IMLib/AndroidManifest.xml
		ADDED from IMDemo/IMLib/AndroidManifest.xml:1:1-98:12
		INJECTED from IMDemo/IMLib/AndroidManifest.xml
	android:versionCode
		INJECTED from IMDemo/IMLib/AndroidManifest.xml
		ADDED from IMDemo/IMLib/AndroidManifest.xml:1:1-98:12
		INJECTED from IMDemo/IMLib/AndroidManifest.xml
	xmlns:android
		ADDED from IMDemo/IMLib/AndroidManifest.xml:1:11-69
uses-sdk
ADDED from IMDemo/IMLib/AndroidManifest.xml:4:5-6:41
INJECTED from IMDemo/IMLib/AndroidManifest.xml:4:5-6:41
INJECTED from IMDemo/IMLib/AndroidManifest.xml:4:5-6:41
INJECTED from IMDemo/IMLib/AndroidManifest.xml:4:5-6:41
INJECTED from IMDemo/IMLib/AndroidManifest.xml:4:5-6:41
	android:targetSdkVersion
		ADDED from IMDemo/IMLib/AndroidManifest.xml:6:9-38
		INJECTED from IMDemo/IMLib/AndroidManifest.xml
		INJECTED from IMDemo/IMLib/AndroidManifest.xml
	android:minSdkVersion
		ADDED from IMDemo/IMLib/AndroidManifest.xml:5:9-35
		INJECTED from IMDemo/IMLib/AndroidManifest.xml
		INJECTED from IMDemo/IMLib/AndroidManifest.xml
uses-permission#android.permission.WRITE_EXTERNAL_STORAGE
ADDED from IMDemo/IMLib/AndroidManifest.xml:8:5-81
	android:name
		ADDED from IMDemo/IMLib/AndroidManifest.xml:8:22-78
uses-permission#android.permission.INTERNET
ADDED from IMDemo/IMLib/AndroidManifest.xml:9:5-67
	android:name
		ADDED from IMDemo/IMLib/AndroidManifest.xml:9:22-64
uses-permission#android.permission.ACCESS_NETWORK_STATE
ADDED from IMDemo/IMLib/AndroidManifest.xml:10:5-79
	android:name
		ADDED from IMDemo/IMLib/AndroidManifest.xml:10:22-76
uses-permission#android.permission.ACCESS_WIFI_STATE
ADDED from IMDemo/IMLib/AndroidManifest.xml:11:5-76
	android:name
		ADDED from IMDemo/IMLib/AndroidManifest.xml:11:22-73
uses-permission#android.permission.READ_PHONE_STATE
ADDED from IMDemo/IMLib/AndroidManifest.xml:12:5-75
	android:name
		ADDED from IMDemo/IMLib/AndroidManifest.xml:12:22-72
uses-permission#android.permission.RECORD_AUDIO
ADDED from IMDemo/IMLib/AndroidManifest.xml:13:5-71
	android:name
		ADDED from IMDemo/IMLib/AndroidManifest.xml:13:22-68
uses-permission#android.permission.GET_TASKS
ADDED from IMDemo/IMLib/AndroidManifest.xml:14:5-68
	android:name
		ADDED from IMDemo/IMLib/AndroidManifest.xml:14:22-65
uses-permission#android.permission.WAKE_LOCK
ADDED from IMDemo/IMLib/AndroidManifest.xml:15:5-68
	android:name
		ADDED from IMDemo/IMLib/AndroidManifest.xml:15:22-65
uses-permission#android.permission.MODIFY_AUDIO_SETTINGS
ADDED from IMDemo/IMLib/AndroidManifest.xml:16:5-80
	android:name
		ADDED from IMDemo/IMLib/AndroidManifest.xml:16:22-77
uses-permission#android.permission.VIBRATE
ADDED from IMDemo/IMLib/AndroidManifest.xml:17:5-66
	android:name
		ADDED from IMDemo/IMLib/AndroidManifest.xml:17:22-63
uses-permission#android.permission.ACCESS_FINE_LOCATION
ADDED from IMDemo/IMLib/AndroidManifest.xml:18:5-79
	android:name
		ADDED from IMDemo/IMLib/AndroidManifest.xml:18:22-76
uses-permission#android.permission.RECEIVE_BOOT_COMPLETED
ADDED from IMDemo/IMLib/AndroidManifest.xml:19:5-81
	android:name
		ADDED from IMDemo/IMLib/AndroidManifest.xml:19:22-78
application
ADDED from IMDemo/IMLib/AndroidManifest.xml:21:5-96:19
meta-data#RONG_CLOUD_APP_KEY
ADDED from IMDemo/IMLib/AndroidManifest.xml:26:9-28:45
	android:value
		ADDED from IMDemo/IMLib/AndroidManifest.xml:28:13-42
	android:name
		ADDED from IMDemo/IMLib/AndroidManifest.xml:27:13-46
service#io.rong.imlib.ipc.RongService
ADDED from IMDemo/IMLib/AndroidManifest.xml:30:9-33:38
	android:process
		ADDED from IMDemo/IMLib/AndroidManifest.xml:33:13-35
	android:exported
		ADDED from IMDemo/IMLib/AndroidManifest.xml:32:13-36
	android:name
		ADDED from IMDemo/IMLib/AndroidManifest.xml:31:13-57
service#io.rong.imlib.ReConnectService
ADDED from IMDemo/IMLib/AndroidManifest.xml:35:9-38:72
	android:exported
		ADDED from IMDemo/IMLib/AndroidManifest.xml:37:13-36
	android:permission
		ADDED from IMDemo/IMLib/AndroidManifest.xml:38:13-69
	android:name
		ADDED from IMDemo/IMLib/AndroidManifest.xml:36:13-45
receiver#io.rong.imlib.ConnectChangeReceiver
ADDED from IMDemo/IMLib/AndroidManifest.xml:40:9-42:39
	android:exported
		ADDED from IMDemo/IMLib/AndroidManifest.xml:42:13-36
	android:name
		ADDED from IMDemo/IMLib/AndroidManifest.xml:41:13-63
receiver#io.rong.imlib.HeartbeatReceiver
ADDED from IMDemo/IMLib/AndroidManifest.xml:44:9-46:38
	android:process
		ADDED from IMDemo/IMLib/AndroidManifest.xml:46:13-35
	android:name
		ADDED from IMDemo/IMLib/AndroidManifest.xml:45:13-59
service#io.rong.push.core.PushRegistrationService
ADDED from IMDemo/IMLib/AndroidManifest.xml:53:9-56:72
	android:exported
		ADDED from IMDemo/IMLib/AndroidManifest.xml:55:13-36
	android:permission
		ADDED from IMDemo/IMLib/AndroidManifest.xml:56:13-69
	android:name
		ADDED from IMDemo/IMLib/AndroidManifest.xml:54:13-69
service#io.rong.push.core.MessageHandleService
ADDED from IMDemo/IMLib/AndroidManifest.xml:58:9-61:72
	android:exported
		ADDED from IMDemo/IMLib/AndroidManifest.xml:60:13-36
	android:permission
		ADDED from IMDemo/IMLib/AndroidManifest.xml:61:13-69
	android:name
		ADDED from IMDemo/IMLib/AndroidManifest.xml:59:13-66
service#io.rong.push.PushService
ADDED from IMDemo/IMLib/AndroidManifest.xml:64:9-68:46
	android:process
		ADDED from IMDemo/IMLib/AndroidManifest.xml:68:13-43
	android:exported
		ADDED from IMDemo/IMLib/AndroidManifest.xml:66:13-36
	android:permission
		ADDED from IMDemo/IMLib/AndroidManifest.xml:67:13-69
	android:name
		ADDED from IMDemo/IMLib/AndroidManifest.xml:65:13-52
receiver#io.rong.push.PushReceiver
ADDED from IMDemo/IMLib/AndroidManifest.xml:71:9-91:20
	android:process
		ADDED from IMDemo/IMLib/AndroidManifest.xml:73:13-43
	android:name
		ADDED from IMDemo/IMLib/AndroidManifest.xml:72:13-53
intent-filter#io.rong.push.intent.action.HEART_BEAT
ADDED from IMDemo/IMLib/AndroidManifest.xml:75:13-77:29
action#io.rong.push.intent.action.HEART_BEAT
ADDED from IMDemo/IMLib/AndroidManifest.xml:76:17-80
	android:name
		ADDED from IMDemo/IMLib/AndroidManifest.xml:76:25-77
intent-filter#android.net.conn.CONNECTIVITY_CHANGE
ADDED from IMDemo/IMLib/AndroidManifest.xml:79:13-81:29
action#android.net.conn.CONNECTIVITY_CHANGE
ADDED from IMDemo/IMLib/AndroidManifest.xml:80:17-79
	android:name
		ADDED from IMDemo/IMLib/AndroidManifest.xml:80:25-76
intent-filter#android.intent.action.BOOT_COMPLETED
ADDED from IMDemo/IMLib/AndroidManifest.xml:83:13-85:29
action#android.intent.action.BOOT_COMPLETED
ADDED from IMDemo/IMLib/AndroidManifest.xml:84:17-79
	android:name
		ADDED from IMDemo/IMLib/AndroidManifest.xml:84:25-76
intent-filter#android.intent.action.ACTION_POWER_CONNECTED+android.intent.action.ACTION_POWER_DISCONNECTED+android.intent.action.USER_PRESENT
ADDED from IMDemo/IMLib/AndroidManifest.xml:86:13-90:29
action#android.intent.action.USER_PRESENT
ADDED from IMDemo/IMLib/AndroidManifest.xml:87:17-77
	android:name
		ADDED from IMDemo/IMLib/AndroidManifest.xml:87:25-74
action#android.intent.action.ACTION_POWER_CONNECTED
ADDED from IMDemo/IMLib/AndroidManifest.xml:88:17-87
	android:name
		ADDED from IMDemo/IMLib/AndroidManifest.xml:88:25-84
action#android.intent.action.ACTION_POWER_DISCONNECTED
ADDED from IMDemo/IMLib/AndroidManifest.xml:89:17-90
	android:name
		ADDED from IMDemo/IMLib/AndroidManifest.xml:89:25-87